2018-10-09 12:40:25,753:INFO: Creating the training dataset...
2018-10-09 12:40:25,800:INFO: Creating the dev dataset...
2018-10-09 12:40:25,858:INFO: Defining the model graph...
2018-10-09 13:02:03,378:INFO: Creating the training dataset...
2018-10-09 13:02:03,422:INFO: Creating the dev dataset...
2018-10-09 13:02:03,479:INFO: Defining the model graph...
2018-10-09 13:25:56,164:INFO: Creating the training dataset...
2018-10-09 13:25:56,240:INFO: Creating the dev dataset...
2018-10-09 13:25:56,271:INFO: Defining the model graph...
2018-10-09 13:29:34,666:INFO: Creating the training dataset...
2018-10-09 13:29:34,718:INFO: Creating the dev dataset...
2018-10-09 13:29:34,739:INFO: Defining the model graph...
2018-10-09 13:36:47,700:INFO: Creating the training dataset...
2018-10-09 13:36:47,738:INFO: Creating the dev dataset...
2018-10-09 13:36:47,769:INFO: Defining the model graph...
2018-10-09 15:50:42,382:INFO: Creating the training dataset...
2018-10-09 15:50:42,441:INFO: Creating the dev dataset...
2018-10-09 15:51:20,958:INFO: Defining the model graph...
2018-10-09 15:53:46,493:INFO: Creating the training dataset...
2018-10-09 15:53:46,541:INFO: Creating the dev dataset...
2018-10-09 15:53:46,564:INFO: Defining the model graph...
2018-10-09 15:55:31,810:INFO: Creating the training dataset...
2018-10-09 15:55:31,853:INFO: Creating the dev dataset...
2018-10-09 15:55:31,874:INFO: Defining the model graph...
2018-10-09 15:57:16,608:INFO: Creating the training dataset...
2018-10-09 15:57:36,513:INFO: Creating the training dataset...
2018-10-09 16:01:16,178:INFO: Creating the training dataset...
2018-10-09 16:01:16,218:INFO: Creating the dev dataset...
2018-10-09 16:01:16,237:INFO: Defining the model graph...
2018-10-09 16:04:47,191:INFO: Creating the training dataset...
2018-10-09 16:04:47,240:INFO: Creating the dev dataset...
2018-10-09 16:04:47,258:INFO: Defining the model graph...
2018-10-09 17:15:30,675:INFO: Creating the training dataset...
2018-10-09 17:15:30,719:INFO: Creating the dev dataset...
2018-10-09 17:15:30,740:INFO: Defining the model graph...
2018-10-09 17:41:08,474:INFO: Creating the training dataset...
2018-10-09 17:41:08,520:INFO: Creating the dev dataset...
2018-10-09 17:41:08,553:INFO: Defining the model graph...
2018-10-09 17:41:09,031:INFO: Starting training for 3 epoch(s)
2018-10-09 17:41:20,008:INFO: Creating the training dataset...
2018-10-09 17:41:20,057:INFO: Creating the dev dataset...
2018-10-09 17:41:20,081:INFO: Defining the model graph...
2018-10-09 17:41:20,598:INFO: Starting training for 3 epoch(s)
2018-10-09 17:41:20,890:INFO: Epoch 1/3
2018-10-09 17:42:18,707:INFO: Creating the training dataset...
2018-10-09 17:42:18,748:INFO: Creating the dev dataset...
2018-10-09 17:42:18,770:INFO: Defining the model graph...
2018-10-09 17:42:19,204:INFO: Starting training for 3 epoch(s)
2018-10-09 17:42:19,427:INFO: Epoch 1/3
2018-10-09 17:43:48,876:INFO: Creating the training dataset...
2018-10-09 17:43:48,916:INFO: Creating the dev dataset...
2018-10-09 17:43:48,945:INFO: Defining the model graph...
2018-10-09 17:43:49,402:INFO: Starting training for 3 epoch(s)
2018-10-09 17:43:49,654:INFO: Epoch 1/3
2018-10-09 17:51:06,418:INFO: Creating the training dataset...
2018-10-09 17:51:06,460:INFO: Creating the dev dataset...
2018-10-09 17:51:06,484:INFO: Defining the model graph...
2018-10-09 17:54:05,321:INFO: Creating the training dataset...
2018-10-09 17:54:05,359:INFO: Creating the dev dataset...
2018-10-09 17:54:05,386:INFO: Defining the model graph...
2018-10-09 17:54:19,746:INFO: Creating the training dataset...
2018-10-09 17:54:19,794:INFO: Creating the dev dataset...
2018-10-09 17:54:19,813:INFO: Defining the model graph...
2018-10-09 17:54:20,295:INFO: Starting training for 3 epoch(s)
2018-10-09 17:54:20,539:INFO: Epoch 1/3
2018-10-09 17:54:22,011:INFO: Training accuracy at batch number 0: 0.17000000178813934
2018-10-09 17:55:01,957:INFO: Creating the training dataset...
2018-10-09 17:55:02,006:INFO: Creating the dev dataset...
2018-10-09 17:55:02,039:INFO: Defining the model graph...
2018-10-09 17:55:02,520:INFO: Starting training for 3 epoch(s)
2018-10-09 17:55:02,772:INFO: Epoch 1/3
2018-10-09 17:55:04,449:INFO: Training accuracy at batch number 0: 0.17000000178813934
2018-10-09 17:55:05,761:INFO: Training accuracy at batch number 1: 0.1599999964237213
2018-10-09 17:55:07,005:INFO: Training accuracy at batch number 2: 0.1899999976158142
2018-10-09 17:55:08,228:INFO: Training accuracy at batch number 3: 0.15000000596046448
2018-10-09 17:57:38,925:INFO: Creating the training dataset...
2018-10-09 17:57:38,928:INFO: Train dataset created with 864 examples
2018-10-09 17:57:38,962:INFO: Creating the dev dataset...
2018-10-09 17:57:38,963:INFO: Dev dataset created with 216 examples
2018-10-09 17:57:38,981:INFO: Defining the model graph...
2018-10-09 17:57:39,356:INFO: Starting training for 3 epoch(s)
2018-10-09 17:57:39,552:INFO: Epoch 1/3
2018-10-09 17:57:40,737:INFO: Training accuracy at batch number 0: 0.17000000178813934
2018-10-09 17:57:41,759:INFO: Training accuracy at batch number 1: 0.1599999964237213
2018-10-09 17:57:42,790:INFO: Training accuracy at batch number 2: 0.1899999976158142
2018-10-09 17:57:43,851:INFO: Training accuracy at batch number 3: 0.15000000596046448
2018-10-09 18:00:51,785:INFO: Creating the training dataset...
2018-10-09 18:00:51,788:INFO: Train dataset created with 864 examples
2018-10-09 18:00:51,825:INFO: Creating the dev dataset...
2018-10-09 18:00:51,826:INFO: Dev dataset created with 216 examples
2018-10-09 18:00:51,846:INFO: Defining the model graph...
2018-10-09 18:00:52,363:INFO: Starting training for 3 epoch(s)
2018-10-09 18:00:52,582:INFO: Epoch 1/3
2018-10-09 18:00:54,104:INFO: Training accuracy at batch number 0: 0.17000000178813934
2018-10-09 18:00:55,326:INFO: Training accuracy at batch number 1: 0.1599999964237213
2018-10-09 18:00:56,391:INFO: Training accuracy at batch number 2: 0.1899999976158142
2018-10-09 18:00:57,443:INFO: Training accuracy at batch number 3: 0.15000000596046448
2018-10-09 18:01:23,634:INFO: Creating the training dataset...
2018-10-09 18:01:23,638:INFO: Train dataset created with 864 examples
2018-10-09 18:01:23,677:INFO: Creating the dev dataset...
2018-10-09 18:01:23,678:INFO: Dev dataset created with 216 examples
2018-10-09 18:01:23,695:INFO: Defining the model graph...
2018-10-09 18:01:24,072:INFO: Starting training for 3 epoch(s)
2018-10-09 18:01:24,269:INFO: Epoch 1/3
2018-10-09 18:01:24,665:INFO: Training accuracy at batch number 0: 0.05000000074505806
2018-10-09 18:01:24,914:INFO: Training accuracy at batch number 1: 0.15000000596046448
2018-10-09 18:01:25,169:INFO: Training accuracy at batch number 2: 0.10000000149011612
2018-10-09 18:01:25,417:INFO: Training accuracy at batch number 3: 0.10000000149011612
2018-10-09 18:01:25,674:INFO: Training accuracy at batch number 4: 0.25
2018-10-09 18:01:25,918:INFO: Training accuracy at batch number 5: 0.15000000596046448
2018-10-09 18:01:26,200:INFO: Training accuracy at batch number 6: 0.10000000149011612
2018-10-09 18:01:26,449:INFO: Training accuracy at batch number 7: 0.05000000074505806
2018-10-09 18:01:26,704:INFO: Training accuracy at batch number 8: 0.15000000596046448
2018-10-09 18:01:26,951:INFO: Training accuracy at batch number 9: 0.30000001192092896
2018-10-09 18:01:27,204:INFO: Training accuracy at batch number 10: 0.25
2018-10-09 18:01:27,450:INFO: Training accuracy at batch number 11: 0.20000000298023224
2018-10-09 18:01:27,700:INFO: Training accuracy at batch number 12: 0.3499999940395355
2018-10-09 18:01:27,945:INFO: Training accuracy at batch number 13: 0.4000000059604645
2018-10-09 18:01:28,195:INFO: Training accuracy at batch number 14: 0.5
2018-10-09 18:01:28,441:INFO: Training accuracy at batch number 15: 0.20000000298023224
2018-10-09 18:01:28,697:INFO: Training accuracy at batch number 16: 0.44999998807907104
2018-10-09 18:01:28,941:INFO: Training accuracy at batch number 17: 0.15000000596046448
2018-10-09 18:01:29,199:INFO: Training accuracy at batch number 18: 0.15000000596046448
2018-10-09 18:01:29,446:INFO: Training accuracy at batch number 19: 0.15000000596046448
2018-10-09 18:01:29,709:INFO: Training accuracy at batch number 20: 0.20000000298023224
2018-10-09 18:01:29,894:INFO: Training accuracy at batch number 21: 0.0
2018-10-09 18:02:12,254:INFO: Creating the training dataset...
2018-10-09 18:02:12,258:INFO: Train dataset created with 864 examples
2018-10-09 18:02:12,291:INFO: Creating the dev dataset...
2018-10-09 18:02:12,292:INFO: Dev dataset created with 216 examples
2018-10-09 18:02:12,311:INFO: Defining the model graph...
2018-10-09 18:02:12,699:INFO: Starting training for 3 epoch(s)
2018-10-09 18:02:12,898:INFO: Epoch 1/3
2018-10-09 18:02:13,281:INFO: Training accuracy at batch number 0: 0.05000000074505806
2018-10-09 18:02:13,528:INFO: Training accuracy at batch number 1: 0.15000000596046448
2018-10-09 18:02:13,816:INFO: Training accuracy at batch number 2: 0.10000000149011612
2018-10-09 18:02:14,079:INFO: Training accuracy at batch number 3: 0.10000000149011612
2018-10-09 18:02:14,372:INFO: Training accuracy at batch number 4: 0.25
2018-10-09 18:02:14,617:INFO: Training accuracy at batch number 5: 0.15000000596046448
2018-10-09 18:02:14,860:INFO: Training accuracy at batch number 6: 0.10000000149011612
2018-10-09 18:02:15,104:INFO: Training accuracy at batch number 7: 0.05000000074505806
2018-10-09 18:02:15,345:INFO: Training accuracy at batch number 8: 0.15000000596046448
2018-10-09 18:02:15,603:INFO: Training accuracy at batch number 9: 0.30000001192092896
2018-10-09 18:02:15,869:INFO: Training accuracy at batch number 10: 0.25
2018-10-09 18:02:16,134:INFO: Training accuracy at batch number 11: 0.20000000298023224
2018-10-09 18:02:16,400:INFO: Training accuracy at batch number 12: 0.3499999940395355
2018-10-09 18:02:16,662:INFO: Training accuracy at batch number 13: 0.4000000059604645
2018-10-09 18:02:16,909:INFO: Training accuracy at batch number 14: 0.5
2018-10-09 18:02:17,156:INFO: Training accuracy at batch number 15: 0.20000000298023224
2018-10-09 18:02:17,403:INFO: Training accuracy at batch number 16: 0.44999998807907104
2018-10-09 18:02:17,650:INFO: Training accuracy at batch number 17: 0.15000000596046448
2018-10-09 18:02:17,900:INFO: Training accuracy at batch number 18: 0.15000000596046448
2018-10-09 18:02:18,147:INFO: Training accuracy at batch number 19: 0.15000000596046448
2018-10-09 18:02:18,395:INFO: Training accuracy at batch number 20: 0.20000000298023224
2018-10-09 18:02:18,581:INFO: Training accuracy at batch number 21: 0.0
2018-10-09 18:03:35,603:INFO: Creating the training dataset...
2018-10-09 18:03:35,606:INFO: Train dataset created with 864 examples
2018-10-09 18:03:35,646:INFO: Creating the dev dataset...
2018-10-09 18:03:35,647:INFO: Dev dataset created with 216 examples
2018-10-09 18:03:35,667:INFO: Defining the model graph...
2018-10-09 18:03:36,116:INFO: Starting training for 3 epoch(s)
2018-10-09 18:03:36,322:INFO: Epoch 1/3
2018-10-09 18:03:36,721:INFO: Training accuracy at batch number 0: 0.05000000074505806
2018-10-09 18:03:36,975:INFO: Training accuracy at batch number 1: 0.25
2018-10-09 18:03:37,223:INFO: Training accuracy at batch number 2: 0.25
2018-10-09 18:03:37,478:INFO: Training accuracy at batch number 3: 0.05000000074505806
2018-10-09 18:03:37,730:INFO: Training accuracy at batch number 4: 0.25
2018-10-09 18:03:37,981:INFO: Training accuracy at batch number 5: 0.15000000596046448
2018-10-09 18:03:38,225:INFO: Training accuracy at batch number 6: 0.10000000149011612
2018-10-09 18:03:38,476:INFO: Training accuracy at batch number 7: 0.05000000074505806
2018-10-09 18:03:38,723:INFO: Training accuracy at batch number 8: 0.20000000298023224
2018-10-09 18:03:38,974:INFO: Training accuracy at batch number 9: 0.15000000596046448
2018-10-09 18:03:39,216:INFO: Training accuracy at batch number 10: 0.25
2018-10-09 18:03:39,466:INFO: Training accuracy at batch number 11: 0.25
2018-10-09 18:03:39,712:INFO: Training accuracy at batch number 12: 0.20000000298023224
2018-10-09 18:03:39,959:INFO: Training accuracy at batch number 13: 0.4000000059604645
2018-10-09 18:03:40,208:INFO: Training accuracy at batch number 14: 0.4000000059604645
2018-10-09 18:03:40,461:INFO: Training accuracy at batch number 15: 0.3499999940395355
2018-10-09 18:03:40,705:INFO: Training accuracy at batch number 16: 0.550000011920929
2018-10-09 18:03:40,953:INFO: Training accuracy at batch number 17: 0.4000000059604645
2018-10-09 18:03:41,200:INFO: Training accuracy at batch number 18: 0.15000000596046448
2018-10-09 18:03:41,445:INFO: Training accuracy at batch number 19: 0.15000000596046448
2018-10-09 18:03:41,695:INFO: Training accuracy at batch number 20: 0.30000001192092896
2018-10-09 18:03:41,882:INFO: Training accuracy at batch number 21: 0.5
2018-10-09 18:03:42,147:INFO: Training accuracy at batch number 22: 0.550000011920929
2018-10-09 18:03:42,389:INFO: Training accuracy at batch number 23: 0.6499999761581421
2018-10-09 18:03:42,640:INFO: Training accuracy at batch number 24: 0.550000011920929
2018-10-09 18:03:42,881:INFO: Training accuracy at batch number 25: 0.44999998807907104
2018-10-09 18:03:43,134:INFO: Training accuracy at batch number 26: 0.3499999940395355
2018-10-09 18:03:43,374:INFO: Training accuracy at batch number 27: 0.3499999940395355
2018-10-09 18:03:43,629:INFO: Training accuracy at batch number 28: 0.44999998807907104
2018-10-09 18:03:43,870:INFO: Training accuracy at batch number 29: 0.6000000238418579
2018-10-09 18:03:44,128:INFO: Training accuracy at batch number 30: 0.6000000238418579
2018-10-09 18:03:44,370:INFO: Training accuracy at batch number 31: 0.75
2018-10-09 18:03:44,621:INFO: Training accuracy at batch number 32: 0.44999998807907104
2018-10-09 18:03:44,865:INFO: Training accuracy at batch number 33: 0.5
2018-10-09 18:03:45,114:INFO: Training accuracy at batch number 34: 0.3499999940395355
2018-10-09 18:03:45,356:INFO: Training accuracy at batch number 35: 0.550000011920929
2018-10-09 18:03:45,604:INFO: Training accuracy at batch number 36: 0.550000011920929
2018-10-09 18:03:45,849:INFO: Training accuracy at batch number 37: 0.4000000059604645
2018-10-09 18:03:46,099:INFO: Training accuracy at batch number 38: 0.6000000238418579
2018-10-09 18:03:46,379:INFO: Training accuracy at batch number 39: 0.6499999761581421
2018-10-09 18:03:46,663:INFO: Training accuracy at batch number 40: 0.75
2018-10-09 18:03:46,905:INFO: Training accuracy at batch number 41: 0.699999988079071
2018-10-09 18:03:47,156:INFO: Training accuracy at batch number 42: 0.6000000238418579
2018-10-09 18:03:47,342:INFO: Training accuracy at batch number 43: 0.5
2018-10-09 18:03:47,342:INFO: Epoch 2/3
2018-10-09 18:03:47,625:INFO: Training accuracy at batch number 0: 0.8500000238418579
2018-10-09 18:03:47,868:INFO: Training accuracy at batch number 1: 0.5
2018-10-09 18:03:48,123:INFO: Training accuracy at batch number 2: 0.3499999940395355
2018-10-09 18:03:48,367:INFO: Training accuracy at batch number 3: 0.44999998807907104
2018-10-09 18:03:48,618:INFO: Training accuracy at batch number 4: 0.75
2018-10-09 18:03:48,859:INFO: Training accuracy at batch number 5: 0.6499999761581421
2018-10-09 18:03:49,105:INFO: Training accuracy at batch number 6: 0.6499999761581421
2018-10-09 18:03:49,345:INFO: Training accuracy at batch number 7: 0.800000011920929
2018-10-09 18:03:49,595:INFO: Training accuracy at batch number 8: 0.6499999761581421
2018-10-09 18:03:49,837:INFO: Training accuracy at batch number 9: 0.6499999761581421
2018-10-09 18:03:50,082:INFO: Training accuracy at batch number 10: 0.699999988079071
2018-10-09 18:03:50,325:INFO: Training accuracy at batch number 11: 0.6499999761581421
2018-10-09 18:03:50,571:INFO: Training accuracy at batch number 12: 0.6499999761581421
2018-10-09 18:03:50,815:INFO: Training accuracy at batch number 13: 0.6499999761581421
2018-10-09 18:03:51,061:INFO: Training accuracy at batch number 14: 0.550000011920929
2018-10-09 18:03:51,304:INFO: Training accuracy at batch number 15: 0.5
2018-10-09 18:03:51,549:INFO: Training accuracy at batch number 16: 0.75
2018-10-09 18:03:51,791:INFO: Training accuracy at batch number 17: 0.699999988079071
2018-10-09 18:03:52,045:INFO: Training accuracy at batch number 18: 0.6000000238418579
2018-10-09 18:03:52,289:INFO: Training accuracy at batch number 19: 0.6499999761581421
2018-10-09 18:03:52,534:INFO: Training accuracy at batch number 20: 0.6000000238418579
2018-10-09 18:03:52,722:INFO: Training accuracy at batch number 21: 0.75
2018-10-09 18:03:52,979:INFO: Training accuracy at batch number 22: 0.75
2018-10-09 18:03:53,227:INFO: Training accuracy at batch number 23: 0.6499999761581421
2018-10-09 18:03:53,471:INFO: Training accuracy at batch number 24: 0.800000011920929
2018-10-09 18:03:53,720:INFO: Training accuracy at batch number 25: 0.800000011920929
2018-10-09 18:03:53,976:INFO: Training accuracy at batch number 26: 0.6499999761581421
2018-10-09 18:03:54,224:INFO: Training accuracy at batch number 27: 0.6499999761581421
2018-10-09 18:03:54,464:INFO: Training accuracy at batch number 28: 0.550000011920929
2018-10-09 18:03:54,757:INFO: Training accuracy at batch number 29: 0.8500000238418579
2018-10-09 18:03:55,015:INFO: Training accuracy at batch number 30: 0.75
2018-10-09 18:03:55,270:INFO: Training accuracy at batch number 31: 0.8999999761581421
2018-10-09 18:03:55,608:INFO: Training accuracy at batch number 32: 0.75
2018-10-09 18:03:56,110:INFO: Training accuracy at batch number 33: 0.699999988079071
2018-10-09 18:03:56,454:INFO: Training accuracy at batch number 34: 0.6000000238418579
2018-10-09 18:03:56,770:INFO: Training accuracy at batch number 35: 0.800000011920929
2018-10-09 18:03:57,106:INFO: Training accuracy at batch number 36: 0.75
2018-10-09 18:03:57,457:INFO: Training accuracy at batch number 37: 0.5
2018-10-09 18:03:57,832:INFO: Training accuracy at batch number 38: 0.75
2018-10-09 18:03:58,157:INFO: Training accuracy at batch number 39: 0.699999988079071
2018-10-09 18:03:58,461:INFO: Training accuracy at batch number 40: 0.6499999761581421
2018-10-09 18:03:58,703:INFO: Training accuracy at batch number 41: 0.6499999761581421
2018-10-09 18:03:58,947:INFO: Training accuracy at batch number 42: 0.699999988079071
2018-10-09 18:03:59,153:INFO: Training accuracy at batch number 43: 0.75
2018-10-09 18:03:59,153:INFO: Epoch 3/3
2018-10-09 18:03:59,457:INFO: Training accuracy at batch number 0: 0.800000011920929
2018-10-09 18:03:59,732:INFO: Training accuracy at batch number 1: 0.6499999761581421
2018-10-09 18:03:59,998:INFO: Training accuracy at batch number 2: 0.6499999761581421
2018-10-09 18:04:00,271:INFO: Training accuracy at batch number 3: 0.6000000238418579
2018-10-09 18:04:00,550:INFO: Training accuracy at batch number 4: 0.6000000238418579
2018-10-09 18:04:00,858:INFO: Training accuracy at batch number 5: 0.949999988079071
2018-10-09 18:04:01,142:INFO: Training accuracy at batch number 6: 0.75
2018-10-09 18:04:01,399:INFO: Training accuracy at batch number 7: 0.699999988079071
2018-10-09 18:04:01,655:INFO: Training accuracy at batch number 8: 0.699999988079071
2018-10-09 18:04:01,939:INFO: Training accuracy at batch number 9: 0.699999988079071
2018-10-09 18:04:02,217:INFO: Training accuracy at batch number 10: 0.75
2018-10-09 18:04:02,463:INFO: Training accuracy at batch number 11: 0.8500000238418579
2018-10-09 18:04:02,715:INFO: Training accuracy at batch number 12: 0.6499999761581421
2018-10-09 18:04:02,959:INFO: Training accuracy at batch number 13: 0.8999999761581421
2018-10-09 18:04:03,209:INFO: Training accuracy at batch number 14: 0.75
2018-10-09 18:04:03,464:INFO: Training accuracy at batch number 15: 0.75
2018-10-09 18:04:03,716:INFO: Training accuracy at batch number 16: 0.8500000238418579
2018-10-09 18:04:03,967:INFO: Training accuracy at batch number 17: 0.699999988079071
2018-10-09 18:04:04,218:INFO: Training accuracy at batch number 18: 0.699999988079071
2018-10-09 18:04:04,465:INFO: Training accuracy at batch number 19: 0.6000000238418579
2018-10-09 18:04:04,724:INFO: Training accuracy at batch number 20: 0.75
2018-10-09 18:04:04,910:INFO: Training accuracy at batch number 21: 1.0
2018-10-09 18:04:05,173:INFO: Training accuracy at batch number 22: 0.8999999761581421
2018-10-09 18:04:05,419:INFO: Training accuracy at batch number 23: 0.699999988079071
2018-10-09 18:04:05,669:INFO: Training accuracy at batch number 24: 0.699999988079071
2018-10-09 18:04:05,915:INFO: Training accuracy at batch number 25: 0.8500000238418579
2018-10-09 18:04:06,162:INFO: Training accuracy at batch number 26: 0.6499999761581421
2018-10-09 18:04:06,416:INFO: Training accuracy at batch number 27: 0.800000011920929
2018-10-09 18:04:06,704:INFO: Training accuracy at batch number 28: 0.75
2018-10-09 18:04:06,979:INFO: Training accuracy at batch number 29: 0.949999988079071
2018-10-09 18:04:07,268:INFO: Training accuracy at batch number 30: 0.8500000238418579
2018-10-09 18:04:07,514:INFO: Training accuracy at batch number 31: 0.8999999761581421
2018-10-09 18:04:07,765:INFO: Training accuracy at batch number 32: 0.8999999761581421
2018-10-09 18:04:08,008:INFO: Training accuracy at batch number 33: 0.75
2018-10-09 18:04:08,256:INFO: Training accuracy at batch number 34: 0.6000000238418579
2018-10-09 18:04:08,501:INFO: Training accuracy at batch number 35: 0.8500000238418579
2018-10-09 18:04:08,751:INFO: Training accuracy at batch number 36: 0.6000000238418579
2018-10-09 18:04:08,993:INFO: Training accuracy at batch number 37: 0.75
2018-10-09 18:04:09,246:INFO: Training accuracy at batch number 38: 0.800000011920929
2018-10-09 18:04:09,493:INFO: Training accuracy at batch number 39: 0.699999988079071
2018-10-09 18:04:09,752:INFO: Training accuracy at batch number 40: 0.75
2018-10-09 18:04:10,003:INFO: Training accuracy at batch number 41: 0.8500000238418579
2018-10-09 18:04:10,256:INFO: Training accuracy at batch number 42: 0.8500000238418579
2018-10-09 18:04:10,442:INFO: Training accuracy at batch number 43: 0.75
2018-10-09 18:04:36,448:INFO: Creating the training dataset...
2018-10-09 18:04:36,451:INFO: Train dataset created with 864 examples
2018-10-09 18:04:36,487:INFO: Creating the dev dataset...
2018-10-09 18:04:36,488:INFO: Dev dataset created with 216 examples
2018-10-09 18:04:36,507:INFO: Defining the model graph...
2018-10-09 18:04:36,881:INFO: Starting training for 3 epoch(s)
2018-10-09 18:04:37,130:INFO: Epoch 1/3
2018-10-09 18:04:39,509:INFO: Training accuracy at batch number 0: 0.1666666716337204
2018-10-09 18:04:41,221:INFO: Training accuracy at batch number 1: 0.20666666328907013
2018-10-09 18:04:42,682:INFO: Training accuracy at batch number 2: 0.24561403691768646
2018-10-09 18:04:44,355:INFO: Training accuracy at batch number 3: 0.20666666328907013
2018-10-09 18:04:45,946:INFO: Training accuracy at batch number 4: 0.2800000011920929
2018-10-09 18:04:47,395:INFO: Training accuracy at batch number 5: 0.38596490025520325
2018-10-09 18:04:47,395:INFO: Epoch 2/3
2018-10-09 18:04:49,174:INFO: Training accuracy at batch number 0: 0.18666666746139526
2018-10-09 18:04:50,787:INFO: Training accuracy at batch number 1: 0.4333333373069763
2018-10-09 18:04:52,436:INFO: Training accuracy at batch number 2: 0.3333333432674408
2018-10-09 18:04:54,351:INFO: Training accuracy at batch number 3: 0.5600000023841858
2018-10-09 18:04:55,944:INFO: Training accuracy at batch number 4: 0.46000000834465027
2018-10-09 18:04:57,432:INFO: Training accuracy at batch number 5: 0.5087719559669495
2018-10-09 18:04:57,437:INFO: Epoch 3/3
2018-10-09 18:04:59,136:INFO: Training accuracy at batch number 0: 0.5733333230018616
2018-10-09 18:05:00,743:INFO: Training accuracy at batch number 1: 0.6066666841506958
2018-10-09 18:05:02,187:INFO: Training accuracy at batch number 2: 0.6228070259094238
2018-10-09 18:05:03,794:INFO: Training accuracy at batch number 3: 0.6000000238418579
2018-10-09 18:05:05,368:INFO: Training accuracy at batch number 4: 0.4466666579246521
2018-10-09 18:05:06,797:INFO: Training accuracy at batch number 5: 0.5350877046585083
2018-10-09 18:06:35,917:INFO: Creating the training dataset...
2018-10-09 18:06:35,920:INFO: Train dataset created with 864 examples
2018-10-09 18:06:35,985:INFO: Creating the dev dataset...
2018-10-09 18:06:35,986:INFO: Dev dataset created with 216 examples
2018-10-09 18:06:36,028:INFO: Defining the model graph...
2018-10-09 18:06:36,438:INFO: Starting training for 10 epoch(s)
2018-10-09 18:06:36,676:INFO: Epoch 1/10
2018-10-09 18:06:37,754:INFO: Training accuracy at batch number 0: 0.2199999988079071
2018-10-09 18:06:41,971:INFO: Training accuracy at batch number 10: 0.30000001192092896
2018-10-09 18:06:44,398:INFO: Epoch 2/10
2018-10-09 18:06:45,007:INFO: Training accuracy at batch number 0: 0.3199999928474426
2018-10-09 18:06:48,983:INFO: Training accuracy at batch number 10: 0.3799999952316284
2018-10-09 18:06:51,450:INFO: Epoch 3/10
2018-10-09 18:06:52,080:INFO: Training accuracy at batch number 0: 0.6000000238418579
2018-10-09 18:06:56,698:INFO: Training accuracy at batch number 10: 0.5199999809265137
2018-10-09 18:06:59,372:INFO: Epoch 4/10
2018-10-09 18:06:59,941:INFO: Training accuracy at batch number 0: 0.7599999904632568
2018-10-09 18:07:04,022:INFO: Training accuracy at batch number 10: 0.699999988079071
2018-10-09 18:07:06,642:INFO: Epoch 5/10
2018-10-09 18:07:07,202:INFO: Training accuracy at batch number 0: 0.7400000095367432
2018-10-09 18:07:11,113:INFO: Training accuracy at batch number 10: 0.7400000095367432
2018-10-09 18:07:13,391:INFO: Epoch 6/10
2018-10-09 18:07:13,944:INFO: Training accuracy at batch number 0: 0.7599999904632568
2018-10-09 18:07:17,612:INFO: Training accuracy at batch number 10: 0.7200000286102295
2018-10-09 18:07:19,836:INFO: Epoch 7/10
2018-10-09 18:07:20,385:INFO: Training accuracy at batch number 0: 0.8600000143051147
2018-10-09 18:07:24,099:INFO: Training accuracy at batch number 10: 0.7400000095367432
2018-10-09 18:07:26,331:INFO: Epoch 8/10
2018-10-09 18:07:26,886:INFO: Training accuracy at batch number 0: 0.8600000143051147
2018-10-09 18:07:30,535:INFO: Training accuracy at batch number 10: 0.7599999904632568
2018-10-09 18:07:32,798:INFO: Epoch 9/10
2018-10-09 18:07:33,381:INFO: Training accuracy at batch number 0: 0.8799999952316284
2018-10-09 18:07:37,050:INFO: Training accuracy at batch number 10: 0.8399999737739563
2018-10-09 18:07:39,283:INFO: Epoch 10/10
2018-10-09 18:07:39,840:INFO: Training accuracy at batch number 0: 0.8600000143051147
2018-10-09 18:07:43,559:INFO: Training accuracy at batch number 10: 0.800000011920929
2018-10-10 09:38:34,313:INFO: Creating the training dataset...
2018-10-10 09:39:00,766:INFO: Creating the training dataset...
2018-10-10 09:39:00,808:INFO: Train dataset created containing 864 examples
2018-10-10 09:39:00,808:INFO: Creating the dev dataset...
2018-10-10 09:40:59,499:INFO: Creating the training dataset...
2018-10-10 09:40:59,537:INFO: Train dataset created containing 864 examples
2018-10-10 09:40:59,537:INFO: Creating the dev dataset...
2018-10-10 09:40:59,555:INFO: Dev dataset created containing 216 examples
2018-10-10 09:40:59,555:INFO: Defining the model graph...
2018-10-10 09:40:59,947:INFO: Starting training for 10 epoch(s)
2018-10-10 09:41:00,188:INFO: Epoch 1/10
2018-10-10 09:41:00,893:INFO: Training accuracy at batch number 0: 0.2199999988079071
2018-10-10 09:41:04,539:INFO: Training accuracy at batch number 10: 0.30000001192092896
2018-10-10 09:41:06,754:INFO: Epoch 2/10
2018-10-10 09:41:07,300:INFO: Training accuracy at batch number 0: 0.3199999928474426
2018-10-10 09:41:11,109:INFO: Training accuracy at batch number 10: 0.3799999952316284
2018-10-10 09:41:13,316:INFO: Epoch 3/10
2018-10-10 09:41:13,861:INFO: Training accuracy at batch number 0: 0.6000000238418579
2018-10-10 09:41:17,535:INFO: Training accuracy at batch number 10: 0.5199999809265137
2018-10-10 09:41:19,829:INFO: Epoch 4/10
2018-10-10 09:41:20,383:INFO: Training accuracy at batch number 0: 0.7599999904632568
2018-10-10 09:41:24,021:INFO: Training accuracy at batch number 10: 0.699999988079071
2018-10-10 09:41:26,240:INFO: Epoch 5/10
2018-10-10 09:41:26,804:INFO: Training accuracy at batch number 0: 0.7400000095367432
2018-10-10 09:41:30,506:INFO: Training accuracy at batch number 10: 0.7400000095367432
2018-10-10 09:41:32,730:INFO: Epoch 6/10
2018-10-10 09:41:33,282:INFO: Training accuracy at batch number 0: 0.7599999904632568
2018-10-10 09:41:36,940:INFO: Training accuracy at batch number 10: 0.7200000286102295
2018-10-10 09:41:39,266:INFO: Epoch 7/10
2018-10-10 09:41:39,838:INFO: Training accuracy at batch number 0: 0.8600000143051147
2018-10-10 09:41:43,503:INFO: Training accuracy at batch number 10: 0.7400000095367432
2018-10-10 09:41:45,719:INFO: Epoch 8/10
2018-10-10 09:41:46,273:INFO: Training accuracy at batch number 0: 0.8600000143051147
2018-10-10 09:41:50,072:INFO: Training accuracy at batch number 10: 0.7599999904632568
2018-10-10 09:41:52,541:INFO: Epoch 9/10
2018-10-10 09:41:53,197:INFO: Training accuracy at batch number 0: 0.8799999952316284
2018-10-10 09:41:56,877:INFO: Training accuracy at batch number 10: 0.8399999737739563
2018-10-10 09:41:59,099:INFO: Epoch 10/10
2018-10-10 09:41:59,712:INFO: Training accuracy at batch number 0: 0.8600000143051147
2018-10-10 09:42:03,371:INFO: Training accuracy at batch number 10: 0.800000011920929
2018-10-10 09:42:05,620:INFO: Finished training for 10 epoch(s)
2018-10-10 09:42:05,620:INFO: Evaluating the model using dev data
2018-10-10 09:46:39,011:INFO: Creating the training dataset...
2018-10-10 09:46:39,051:INFO: Train dataset created containing 864 examples
2018-10-10 09:46:39,051:INFO: Creating the dev dataset...
2018-10-10 09:46:39,069:INFO: Dev dataset created containing 216 examples
2018-10-10 09:46:39,069:INFO: Defining the model graph...
2018-10-10 09:46:39,428:INFO: Starting training for 1 epoch(s)
2018-10-10 09:46:39,637:INFO: Epoch 1/1
2018-10-10 09:46:40,339:INFO: Training accuracy at batch number 0: 0.2199999988079071
2018-10-10 09:46:44,140:INFO: Training accuracy at batch number 10: 0.30000001192092896
2018-10-10 09:46:46,539:INFO: Finished training for 1 epoch(s)
2018-10-10 09:46:46,539:INFO: Evaluating the model using dev data
2018-10-10 09:46:47,573:INFO: Evaluation accuracy with the dev set: 0.14849999994039537
2018-10-10 09:47:05,023:INFO: Creating the training dataset...
2018-10-10 09:47:05,061:INFO: Train dataset created containing 864 examples
2018-10-10 09:47:05,061:INFO: Creating the dev dataset...
2018-10-10 09:47:05,081:INFO: Dev dataset created containing 216 examples
2018-10-10 09:47:05,081:INFO: Defining the model graph...
2018-10-10 09:47:05,440:INFO: Starting training for 1 epoch(s)
2018-10-10 09:47:05,636:INFO: Epoch 1/1
2018-10-10 09:47:06,372:INFO: Training accuracy at batch number 0: 0.2199999988079071
2018-10-10 09:47:10,080:INFO: Training accuracy at batch number 10: 0.30000001192092896
2018-10-10 09:47:12,362:INFO: Finished training for 1 epoch(s)
2018-10-10 09:47:12,362:INFO: Evaluating the model using dev data
2018-10-10 09:47:13,375:INFO: Evaluation accuracy with the dev set: 0.14849999994039537
2018-10-10 09:47:13,390:INFO: Evaluation finished
2018-10-10 09:47:48,903:INFO: Creating the training dataset...
2018-10-10 09:47:48,942:INFO: Train dataset created containing 864 examples
2018-10-10 09:47:48,942:INFO: Creating the dev dataset...
2018-10-10 09:47:48,961:INFO: Dev dataset created containing 216 examples
2018-10-10 09:47:48,961:INFO: Defining the model graph...
2018-10-10 09:47:49,315:INFO: Starting training for 15 epoch(s)
2018-10-10 09:47:49,516:INFO: Epoch 1/15
2018-10-10 09:47:50,107:INFO: Training accuracy at batch number 0: 0.22499999403953552
2018-10-10 09:47:53,269:INFO: Training accuracy at batch number 10: 0.5249999761581421
2018-10-10 09:47:56,314:INFO: Training accuracy at batch number 20: 0.574999988079071
2018-10-10 09:47:56,600:INFO: Epoch 2/15
2018-10-10 09:47:57,099:INFO: Training accuracy at batch number 0: 0.5
2018-10-10 09:48:00,224:INFO: Training accuracy at batch number 10: 0.5249999761581421
2018-10-10 09:48:03,261:INFO: Training accuracy at batch number 20: 0.800000011920929
2018-10-10 09:48:03,543:INFO: Epoch 3/15
2018-10-10 09:48:03,999:INFO: Training accuracy at batch number 0: 0.675000011920929
2018-10-10 09:48:06,864:INFO: Training accuracy at batch number 10: 0.6499999761581421
2018-10-10 09:48:09,762:INFO: Training accuracy at batch number 20: 0.800000011920929
2018-10-10 09:48:10,041:INFO: Epoch 4/15
2018-10-10 09:48:10,493:INFO: Training accuracy at batch number 0: 0.824999988079071
2018-10-10 09:48:13,374:INFO: Training accuracy at batch number 10: 0.699999988079071
2018-10-10 09:48:16,219:INFO: Training accuracy at batch number 20: 0.7749999761581421
2018-10-10 09:48:16,497:INFO: Epoch 5/15
2018-10-10 09:48:16,948:INFO: Training accuracy at batch number 0: 0.824999988079071
2018-10-10 09:48:20,164:INFO: Training accuracy at batch number 10: 0.675000011920929
2018-10-10 09:48:23,203:INFO: Training accuracy at batch number 20: 0.949999988079071
2018-10-10 09:48:23,482:INFO: Epoch 6/15
2018-10-10 09:48:23,939:INFO: Training accuracy at batch number 0: 0.8500000238418579
2018-10-10 09:48:26,810:INFO: Training accuracy at batch number 10: 0.75
2018-10-10 09:48:29,915:INFO: Training accuracy at batch number 20: 0.8999999761581421
2018-10-10 09:48:30,214:INFO: Epoch 7/15
2018-10-10 09:48:30,694:INFO: Training accuracy at batch number 0: 0.875
2018-10-10 09:48:33,880:INFO: Training accuracy at batch number 10: 0.75
2018-10-10 09:48:36,948:INFO: Training accuracy at batch number 20: 0.8500000238418579
2018-10-10 09:48:37,233:INFO: Epoch 8/15
2018-10-10 09:48:37,686:INFO: Training accuracy at batch number 0: 0.8500000238418579
2018-10-10 09:48:40,669:INFO: Training accuracy at batch number 10: 0.75
2018-10-10 09:48:43,520:INFO: Training accuracy at batch number 20: 0.925000011920929
2018-10-10 09:48:43,802:INFO: Epoch 9/15
2018-10-10 09:48:44,258:INFO: Training accuracy at batch number 0: 0.8500000238418579
2018-10-10 09:48:47,121:INFO: Training accuracy at batch number 10: 0.7749999761581421
2018-10-10 09:48:50,002:INFO: Training accuracy at batch number 20: 0.824999988079071
2018-10-10 09:48:50,274:INFO: Epoch 10/15
2018-10-10 09:48:50,704:INFO: Training accuracy at batch number 0: 0.800000011920929
2018-10-10 09:48:54,005:INFO: Training accuracy at batch number 10: 0.824999988079071
2018-10-10 09:48:57,234:INFO: Training accuracy at batch number 20: 0.9750000238418579
2018-10-10 09:48:57,567:INFO: Epoch 11/15
2018-10-10 09:48:58,690:INFO: Training accuracy at batch number 0: 0.8500000238418579
2018-10-10 09:49:02,719:INFO: Training accuracy at batch number 10: 0.800000011920929
2018-10-10 09:49:05,951:INFO: Training accuracy at batch number 20: 0.949999988079071
2018-10-10 09:49:06,220:INFO: Epoch 12/15
2018-10-10 09:49:06,659:INFO: Training accuracy at batch number 0: 0.875
2018-10-10 09:49:09,537:INFO: Training accuracy at batch number 10: 0.7749999761581421
2018-10-10 09:49:12,269:INFO: Training accuracy at batch number 20: 0.949999988079071
2018-10-10 09:49:12,547:INFO: Epoch 13/15
2018-10-10 09:49:12,980:INFO: Training accuracy at batch number 0: 0.925000011920929
2018-10-10 09:49:15,889:INFO: Training accuracy at batch number 10: 0.824999988079071
2018-10-10 09:49:18,803:INFO: Training accuracy at batch number 20: 0.949999988079071
2018-10-10 09:49:19,083:INFO: Epoch 14/15
2018-10-10 09:49:19,511:INFO: Training accuracy at batch number 0: 0.8500000238418579
2018-10-10 09:49:22,356:INFO: Training accuracy at batch number 10: 0.8500000238418579
2018-10-10 09:49:25,244:INFO: Training accuracy at batch number 20: 0.949999988079071
2018-10-10 09:49:25,519:INFO: Epoch 15/15
2018-10-10 09:49:25,950:INFO: Training accuracy at batch number 0: 0.824999988079071
2018-10-10 09:49:28,773:INFO: Training accuracy at batch number 10: 0.8500000238418579
2018-10-10 09:49:31,767:INFO: Training accuracy at batch number 20: 0.949999988079071
2018-10-10 09:49:32,063:INFO: Finished training for 15 epoch(s)
2018-10-10 09:49:32,063:INFO: Evaluating the model using dev data
2018-10-10 09:49:32,985:INFO: Evaluation accuracy with the dev set: 0.15208333109815916
2018-10-10 09:49:33,001:INFO: Evaluation finished
2018-10-10 16:10:46,552:INFO: Creating the training dataset...
2018-10-10 16:10:46,619:INFO: Creating the dev dataset...
2018-10-10 16:10:46,666:INFO: Datasets created successfuly!
2018-10-10 16:10:49,171:INFO: Defining the model graph...
2018-10-10 16:30:49,398:INFO: Creating the training dataset...
2018-10-10 16:30:49,437:INFO: Train dataset created containing 864 examples
2018-10-10 16:30:49,437:INFO: Creating the dev dataset...
2018-10-10 16:30:49,456:INFO: Dev dataset created containing 216 examples
2018-10-10 16:30:49,456:INFO: Defining the model graph...
2018-10-10 16:30:49,806:INFO: Starting training for 3 epoch(s)
2018-10-10 16:30:50,002:INFO: Epoch 1/3
2018-10-10 16:30:50,585:INFO: Training accuracy at batch number 0: 0.22499999403953552
2018-10-10 16:30:53,828:INFO: Training accuracy at batch number 10: 0.5249999761581421
2018-10-10 16:30:56,953:INFO: Training accuracy at batch number 20: 0.574999988079071
2018-10-10 16:30:57,229:INFO: Epoch 2/3
2018-10-10 16:30:57,683:INFO: Training accuracy at batch number 0: 0.5
2018-10-10 16:31:00,534:INFO: Training accuracy at batch number 10: 0.5249999761581421
2018-10-10 16:31:03,309:INFO: Training accuracy at batch number 20: 0.800000011920929
2018-10-10 16:31:03,585:INFO: Epoch 3/3
2018-10-10 16:31:04,028:INFO: Training accuracy at batch number 0: 0.675000011920929
2018-10-10 16:31:07,195:INFO: Training accuracy at batch number 10: 0.6499999761581421
2018-10-10 16:31:10,182:INFO: Training accuracy at batch number 20: 0.800000011920929
2018-10-10 16:31:10,497:INFO: Finished training for 3 epoch(s)
2018-10-10 16:31:10,497:INFO: Evaluating the model using dev data
2018-10-10 16:31:11,435:INFO: Evaluation accuracy with the dev set: 0.15208333109815916
2018-10-10 16:31:11,463:INFO: Evaluation finished
2018-10-10 16:31:49,863:INFO: Creating the training dataset...
2018-10-10 16:31:49,901:INFO: Train dataset created containing 864 examples
2018-10-10 16:31:49,901:INFO: Creating the dev dataset...
2018-10-10 16:31:49,919:INFO: Dev dataset created containing 216 examples
2018-10-10 16:31:49,919:INFO: Defining the model graph...
2018-10-10 16:31:50,275:INFO: Starting training for 3 epoch(s)
2018-10-10 16:31:50,467:INFO: Epoch 1/3
2018-10-10 16:31:51,046:INFO: Training accuracy at batch number 0: 0.22499999403953552
2018-10-10 16:31:54,185:INFO: Training accuracy at batch number 10: 0.5249999761581421
2018-10-10 16:31:57,126:INFO: Training accuracy at batch number 20: 0.574999988079071
2018-10-10 16:31:57,405:INFO: Epoch 2/3
2018-10-10 16:31:57,927:INFO: Training accuracy at batch number 0: 0.5
2018-10-10 16:32:00,962:INFO: Training accuracy at batch number 10: 0.5249999761581421
2018-10-10 16:32:03,864:INFO: Training accuracy at batch number 20: 0.800000011920929
2018-10-10 16:32:04,140:INFO: Epoch 3/3
2018-10-10 16:32:04,585:INFO: Training accuracy at batch number 0: 0.675000011920929
2018-10-10 16:32:07,437:INFO: Training accuracy at batch number 10: 0.6499999761581421
2018-10-10 16:32:10,421:INFO: Training accuracy at batch number 20: 0.800000011920929
2018-10-10 16:32:10,747:INFO: Finished training for 3 epoch(s)
2018-10-10 16:32:10,747:INFO: Evaluating the model using dev data
2018-10-10 16:32:11,708:INFO: Evaluation accuracy with the dev set: 0.15208333109815916
2018-10-10 16:32:11,733:INFO: Evaluation finished
2018-10-10 16:54:37,344:INFO: Creating the training dataset...
2018-10-10 16:54:37,383:INFO: Train dataset created containing 864 examples
2018-10-10 16:54:37,384:INFO: Creating the dev dataset...
2018-10-10 16:54:37,402:INFO: Dev dataset created containing 216 examples
2018-10-10 16:54:37,402:INFO: Defining the model graph...
2018-10-10 16:54:37,857:INFO: Starting training for 3 epoch(s)
2018-10-10 16:55:04,426:INFO: Creating the training dataset...
2018-10-10 16:55:04,465:INFO: Train dataset created containing 864 examples
2018-10-10 16:55:04,465:INFO: Creating the dev dataset...
2018-10-10 16:55:04,484:INFO: Dev dataset created containing 216 examples
2018-10-10 16:55:04,484:INFO: Defining the model graph...
2018-10-10 16:55:04,863:INFO: Starting training for 3 epoch(s)
2018-10-10 16:55:05,113:INFO: Epoch 1/3
2018-10-10 16:55:05,673:INFO: Training accuracy at batch number 0: 0.22499999403953552
2018-10-10 16:55:08,719:INFO: Training accuracy at batch number 10: 0.5249999761581421
2018-10-10 16:55:11,570:INFO: Training accuracy at batch number 20: 0.574999988079071
2018-10-10 16:55:13,111:INFO: - Found new best accuracy, saving in model/best_weights/after-epoch-1
2018-10-10 16:55:13,111:INFO: Epoch 2/3
2018-10-10 16:55:13,521:INFO: Training accuracy at batch number 0: 0.5
2018-10-10 16:55:16,307:INFO: Training accuracy at batch number 10: 0.5249999761581421
2018-10-10 16:55:19,102:INFO: Training accuracy at batch number 20: 0.800000011920929
2018-10-10 16:55:20,538:INFO: - Found new best accuracy, saving in model/best_weights/after-epoch-2
2018-10-10 16:55:20,538:INFO: Epoch 3/3
2018-10-10 16:55:20,951:INFO: Training accuracy at batch number 0: 0.675000011920929
2018-10-10 16:55:23,777:INFO: Training accuracy at batch number 10: 0.6499999761581421
2018-10-10 16:55:26,652:INFO: Training accuracy at batch number 20: 0.800000011920929
2018-10-10 16:55:28,174:INFO: - Found new best accuracy, saving in model/best_weights/after-epoch-3
2018-10-10 16:55:28,202:INFO: Finished training for 3 epoch(s)
2018-10-10 16:56:24,280:INFO: Creating the training dataset...
2018-10-10 16:56:24,318:INFO: Train dataset created containing 864 examples
2018-10-10 16:56:24,318:INFO: Creating the dev dataset...
2018-10-10 16:56:24,337:INFO: Dev dataset created containing 216 examples
2018-10-10 16:56:24,337:INFO: Defining the model graph...
2018-10-10 16:56:24,693:INFO: Starting training for 3 epoch(s)
2018-10-10 16:56:24,938:INFO: Epoch 1/3
2018-10-10 16:56:25,521:INFO: Training accuracy at batch number 0: 0.22499999403953552
2018-10-10 16:56:28,675:INFO: Training accuracy at batch number 10: 0.5249999761581421
2018-10-10 16:56:31,684:INFO: Training accuracy at batch number 20: 0.574999988079071
2018-10-10 16:56:33,209:INFO: - Found new best accuracy of 0.4541666656732559, saving in model/best_weights/after-epoch-1
2018-10-10 16:56:33,210:INFO: Epoch 2/3
2018-10-10 16:56:33,635:INFO: Training accuracy at batch number 0: 0.5
2018-10-10 16:56:36,487:INFO: Training accuracy at batch number 10: 0.5249999761581421
2018-10-10 16:56:39,335:INFO: Training accuracy at batch number 20: 0.800000011920929
2018-10-10 16:56:40,783:INFO: - Found new best accuracy of 0.6333333353201548, saving in model/best_weights/after-epoch-2
2018-10-10 16:56:40,783:INFO: Epoch 3/3
2018-10-10 16:56:41,217:INFO: Training accuracy at batch number 0: 0.675000011920929
2018-10-10 16:56:44,075:INFO: Training accuracy at batch number 10: 0.6499999761581421
2018-10-10 16:56:46,857:INFO: Training accuracy at batch number 20: 0.800000011920929
2018-10-10 16:56:48,311:INFO: - Found new best accuracy of 0.7145833373069763, saving in model/best_weights/after-epoch-3
2018-10-10 16:56:48,339:INFO: Finished training for 3 epoch(s)
