2018-11-06 10:55:56,345:INFO: 
Reading the TFRecords training files...
2018-11-06 10:55:56,770:INFO: 
Reading the TFRecords validation files...
2018-11-06 10:55:57,238:INFO: 
Creating the model...
2018-11-06 10:55:58,267:INFO: 
Starting training for 1 epoch(s)
2018-11-06 10:59:53,532:INFO: 
Reading the TFRecords training files...
2018-11-06 10:59:53,924:INFO: 
Reading the TFRecords validation files...
2018-11-06 10:59:54,315:INFO: 
Creating the model...
2018-11-06 10:59:55,397:INFO: 
Starting training for 1 epoch(s)
2018-11-06 11:02:50,901:INFO: 
Reading the TFRecords training files...
2018-11-06 11:02:51,322:INFO: 
Reading the TFRecords validation files...
2018-11-06 11:02:51,669:INFO: 
Creating the model...
2018-11-06 11:02:52,793:INFO: 
Starting training for 1 epoch(s)
2018-11-06 11:03:42,798:INFO: 
Reading the TFRecords training files...
2018-11-06 11:03:43,213:INFO: 
Reading the TFRecords validation files...
2018-11-06 11:03:43,629:INFO: 
Creating the model...
2018-11-06 11:03:44,738:INFO: 
Starting training for 1 epoch(s)
2018-11-06 11:04:37,471:INFO: 
Reading the TFRecords training files...
2018-11-06 11:04:37,891:INFO: 
Reading the TFRecords validation files...
2018-11-06 11:04:38,355:INFO: 
Creating the model...
2018-11-06 11:04:39,606:INFO: 
Starting training for 1 epoch(s)
2018-11-06 11:24:28,986:INFO: 
Reading the TFRecords training files...
2018-11-06 11:24:29,385:INFO: 
Reading the TFRecords validation files...
2018-11-06 11:24:29,713:INFO: 
Creating the model...
2018-11-06 11:24:30,578:INFO: 
Starting training for 1 epoch(s)
2018-11-06 11:24:56,662:INFO: Batch 0/3. Loss: 2.3920559883117676
2018-11-06 12:13:54,451:INFO: 
Reading the TFRecords training files...
2018-11-06 12:13:55,004:INFO: 
Reading the TFRecords validation files...
2018-11-06 12:13:55,492:INFO: 
Creating the model...
2018-11-06 12:13:56,597:INFO: 
Starting training for 1 epoch(s)
2018-11-06 12:15:25,277:INFO: 
Reading the TFRecords training files...
2018-11-06 12:15:25,661:INFO: 
Reading the TFRecords validation files...
2018-11-06 12:15:25,985:INFO: 
Creating the model...
2018-11-06 12:15:27,089:INFO: 
Starting training for 1 epoch(s)
2018-11-06 12:19:58,407:INFO: 
Reading the TFRecords training files...
2018-11-06 12:19:58,963:INFO: 
Reading the TFRecords validation files...
2018-11-06 12:19:59,427:INFO: 
Creating the model...
2018-11-06 12:20:00,551:INFO: 
Starting training for 1 epoch(s)
2018-11-06 12:23:14,022:INFO: 
Reading the TFRecords training files...
2018-11-06 12:23:14,565:INFO: 
Reading the TFRecords validation files...
2018-11-06 12:23:15,031:INFO: 
Creating the model...
2018-11-06 12:27:46,599:INFO: 
Reading the TFRecords training files...
2018-11-06 12:27:46,984:INFO: 
Reading the TFRecords validation files...
2018-11-06 12:27:47,306:INFO: 
Creating the model...
2018-11-06 12:27:48,345:INFO: 
Starting training for 1 epoch(s)
2018-11-06 12:35:32,796:INFO: 
Reading the TFRecords training files...
2018-11-06 12:35:33,360:INFO: 
Reading the TFRecords validation files...
2018-11-06 12:35:33,822:INFO: 
Creating the model...
2018-11-06 12:35:54,219:INFO: 
Reading the TFRecords training files...
2018-11-06 12:35:54,607:INFO: 
Reading the TFRecords validation files...
2018-11-06 12:35:54,922:INFO: 
Creating the model...
2018-11-06 12:36:03,911:INFO: 
Reading the TFRecords training files...
2018-11-06 12:36:04,315:INFO: 
Reading the TFRecords validation files...
2018-11-06 12:36:04,638:INFO: 
Creating the model...
2018-11-06 12:36:32,034:INFO: 
Reading the TFRecords training files...
2018-11-06 12:36:32,418:INFO: 
Reading the TFRecords validation files...
2018-11-06 12:36:32,747:INFO: 
Creating the model...
2018-11-06 12:37:41,011:INFO: 
Reading the TFRecords training files...
2018-11-06 12:37:41,400:INFO: 
Reading the TFRecords validation files...
2018-11-06 12:37:41,720:INFO: 
Creating the model...
2018-11-06 12:38:51,787:INFO: 
Reading the TFRecords training files...
2018-11-06 12:38:52,181:INFO: 
Reading the TFRecords validation files...
2018-11-06 12:38:52,505:INFO: 
Creating the model...
2018-11-06 12:39:39,714:INFO: 
Reading the TFRecords training files...
2018-11-06 12:39:40,207:INFO: 
Reading the TFRecords validation files...
2018-11-06 12:39:40,557:INFO: 
Creating the model...
2018-11-06 12:40:47,878:INFO: 
Reading the TFRecords training files...
2018-11-06 12:40:48,287:INFO: 
Reading the TFRecords validation files...
2018-11-06 12:40:48,628:INFO: 
Creating the model...
2018-11-06 12:42:06,870:INFO: 
Reading the TFRecords training files...
2018-11-06 12:42:07,265:INFO: 
Reading the TFRecords validation files...
2018-11-06 12:42:07,583:INFO: 
Creating the model...
2018-11-06 12:43:50,283:INFO: 
Reading the TFRecords training files...
2018-11-06 12:43:50,722:INFO: 
Reading the TFRecords validation files...
2018-11-06 12:43:51,060:INFO: 
Creating the model...
2018-11-06 12:44:22,367:INFO: 
Reading the TFRecords training files...
2018-11-06 12:44:22,794:INFO: 
Reading the TFRecords validation files...
2018-11-06 12:44:23,134:INFO: 
Creating the model...
2018-11-06 12:45:07,846:INFO: 
Reading the TFRecords training files...
2018-11-06 12:45:08,235:INFO: 
Reading the TFRecords validation files...
2018-11-06 12:45:08,555:INFO: 
Creating the model...
2018-11-06 12:45:48,397:INFO: 
Reading the TFRecords training files...
2018-11-06 12:45:48,783:INFO: 
Reading the TFRecords validation files...
2018-11-06 12:45:49,104:INFO: 
Creating the model...
2018-11-06 12:46:37,066:INFO: 
Reading the TFRecords training files...
2018-11-06 12:46:37,452:INFO: 
Reading the TFRecords validation files...
2018-11-06 12:46:37,770:INFO: 
Creating the model...
2018-11-06 12:46:53,926:INFO: 
Reading the TFRecords training files...
2018-11-06 12:46:54,335:INFO: 
Reading the TFRecords validation files...
2018-11-06 12:46:54,654:INFO: 
Creating the model...
2018-11-06 12:48:35,389:INFO: 
Reading the TFRecords training files...
2018-11-06 12:48:35,780:INFO: 
Reading the TFRecords validation files...
2018-11-06 12:48:36,121:INFO: 
Creating the model...
2018-11-06 12:50:33,897:INFO: 
Reading the TFRecords training files...
2018-11-06 12:50:34,340:INFO: 
Reading the TFRecords validation files...
2018-11-06 12:50:34,677:INFO: 
Creating the model...
2018-11-06 12:51:25,080:INFO: 
Reading the TFRecords training files...
2018-11-06 12:51:25,470:INFO: 
Reading the TFRecords validation files...
2018-11-06 12:51:25,789:INFO: 
Creating the model...
2018-11-06 12:53:21,312:INFO: 
Reading the TFRecords training files...
2018-11-06 12:53:21,697:INFO: 
Reading the TFRecords validation files...
2018-11-06 12:53:22,013:INFO: 
Creating the model...
2018-11-06 12:57:11,664:INFO: 
Reading the TFRecords training files...
2018-11-06 12:57:12,050:INFO: 
Reading the TFRecords validation files...
2018-11-06 12:57:12,370:INFO: 
Creating the model...
2018-11-06 12:58:15,052:INFO: 
Reading the TFRecords training files...
2018-11-06 12:58:15,437:INFO: 
Reading the TFRecords validation files...
2018-11-06 12:58:15,759:INFO: 
Creating the model...
2018-11-06 12:58:41,430:INFO: 
Reading the TFRecords training files...
2018-11-06 12:58:41,829:INFO: 
Reading the TFRecords validation files...
2018-11-06 12:58:42,151:INFO: 
Creating the model...
2018-11-06 12:59:41,277:INFO: 
Reading the TFRecords training files...
2018-11-06 12:59:41,665:INFO: 
Reading the TFRecords validation files...
2018-11-06 12:59:42,005:INFO: 
Creating the model...
2018-11-06 13:00:30,096:INFO: 
Reading the TFRecords training files...
2018-11-06 13:00:30,483:INFO: 
Reading the TFRecords validation files...
2018-11-06 13:00:30,811:INFO: 
Creating the model...
2018-11-06 13:02:33,800:INFO: 
Reading the TFRecords training files...
2018-11-06 13:02:34,334:INFO: 
Reading the TFRecords validation files...
2018-11-06 13:02:34,762:INFO: 
Creating the model...
2018-11-06 13:03:10,587:INFO: 
Reading the TFRecords training files...
2018-11-06 13:03:10,987:INFO: 
Reading the TFRecords validation files...
2018-11-06 13:03:11,317:INFO: 
Creating the model...
2018-11-06 13:03:37,176:INFO: 
Reading the TFRecords training files...
2018-11-06 13:03:37,568:INFO: 
Reading the TFRecords validation files...
2018-11-06 13:03:37,898:INFO: 
Creating the model...
2018-11-06 13:04:20,086:INFO: 
Reading the TFRecords training files...
2018-11-06 13:04:20,480:INFO: 
Reading the TFRecords validation files...
2018-11-06 13:04:20,794:INFO: 
Creating the model...
2018-11-06 13:05:01,450:INFO: 
Reading the TFRecords training files...
2018-11-06 13:05:01,846:INFO: 
Reading the TFRecords validation files...
2018-11-06 13:05:02,167:INFO: 
Creating the model...
2018-11-06 13:12:14,115:INFO: 
Reading the TFRecords training files...
2018-11-06 13:12:14,538:INFO: 
Reading the TFRecords validation files...
2018-11-06 13:12:14,888:INFO: 
Creating the model...
2018-11-06 13:12:32,219:INFO: 
Reading the TFRecords training files...
2018-11-06 13:12:32,632:INFO: 
Reading the TFRecords validation files...
2018-11-06 13:12:32,981:INFO: 
Creating the model...
2018-11-06 13:13:29,439:INFO: 
Reading the TFRecords training files...
2018-11-06 13:13:29,832:INFO: 
Reading the TFRecords validation files...
2018-11-06 13:13:30,156:INFO: 
Creating the model...
2018-11-06 13:14:53,601:INFO: 
Reading the TFRecords training files...
2018-11-06 13:14:53,990:INFO: 
Reading the TFRecords validation files...
2018-11-06 13:14:54,308:INFO: 
Creating the model...
2018-11-06 13:17:49,859:INFO: 
Reading the TFRecords training files...
2018-11-06 13:17:50,279:INFO: 
Reading the TFRecords validation files...
2018-11-06 13:17:50,626:INFO: 
Creating the model...
2018-11-06 13:20:11,659:INFO: 
Reading the TFRecords training files...
2018-11-06 13:20:12,051:INFO: 
Reading the TFRecords validation files...
2018-11-06 13:20:12,370:INFO: 
Creating the model...
2018-11-06 13:25:44,542:INFO: 
Reading the TFRecords training files...
2018-11-06 13:25:44,935:INFO: 
Reading the TFRecords validation files...
2018-11-06 13:25:45,255:INFO: 
Creating the model...
2018-11-06 13:26:17,834:INFO: 
Reading the TFRecords training files...
2018-11-06 13:26:18,227:INFO: 
Reading the TFRecords validation files...
2018-11-06 13:26:18,549:INFO: 
Creating the model...
2018-11-06 13:54:18,216:INFO: 
Reading the TFRecords training files...
2018-11-06 13:54:18,751:INFO: 
Reading the TFRecords validation files...
2018-11-06 13:54:19,073:INFO: 
Creating the model...
2018-11-06 13:54:46,009:INFO: 
Reading the TFRecords training files...
2018-11-06 13:54:46,435:INFO: 
Reading the TFRecords validation files...
2018-11-06 13:54:46,769:INFO: 
Creating the model...
2018-11-06 13:55:40,982:INFO: 
Reading the TFRecords training files...
2018-11-06 13:55:41,403:INFO: 
Reading the TFRecords validation files...
2018-11-06 13:55:41,750:INFO: 
Creating the model...
2018-11-06 13:55:53,966:INFO: 
Reading the TFRecords training files...
2018-11-06 13:55:54,354:INFO: 
Reading the TFRecords validation files...
2018-11-06 13:55:54,672:INFO: 
Creating the model...
2018-11-06 13:56:24,204:INFO: 
Reading the TFRecords training files...
2018-11-06 13:56:24,599:INFO: 
Reading the TFRecords validation files...
2018-11-06 13:56:24,921:INFO: 
Creating the model...
2018-11-06 13:57:11,442:INFO: 
Reading the TFRecords training files...
2018-11-06 13:57:11,832:INFO: 
Reading the TFRecords validation files...
2018-11-06 13:57:12,164:INFO: 
Creating the model...
2018-11-06 13:57:43,134:INFO: 
Reading the TFRecords training files...
2018-11-06 13:58:49,347:INFO: 
Reading the TFRecords training files...
2018-11-06 13:58:49,751:INFO: 
Reading the TFRecords validation files...
2018-11-06 13:58:50,077:INFO: 
Creating the model...
2018-11-06 14:00:12,052:INFO: 
Reading the TFRecords training files...
2018-11-06 14:00:12,456:INFO: 
Reading the TFRecords validation files...
2018-11-06 14:00:12,771:INFO: 
Creating the model...
2018-11-06 14:00:37,297:INFO: 
Starting training for 1 epoch(s)
